<?xml version="1.0" encoding="UTF-8"?>
<!-- Generated by org.testng.reporters.JUnitReportReporter -->
<testsuite hostname="Dell" failures="0" tests="1" name="tests.LoginUITestusingProperties" time="16.247" errors="0" timestamp="2025-03-12T19:06:51 IST" skipped="0">
  <testcase classname="tests.LoginUITestusingProperties" name="testValidLogin" time="16.247"/>
</testsuite> <!-- tests.LoginUITestusingProperties -->
