<?xml version="1.0" encoding="UTF-8"?>
<!-- Generated by org.testng.reporters.JUnitReportReporter -->
<testsuite hostname="Dell" failures="0" tests="1" name="tests.LoginUITestusingProperties" time="23.627" errors="0" timestamp="2025-03-12T20:28:30 IST" skipped="0">
  <testcase classname="tests.LoginUITestusingProperties" name="testValidLogin" time="23.627"/>
</testsuite> <!-- tests.LoginUITestusingProperties -->
